<?xml version="1.0" encoding="UTF-8"?>
<!-- Generated by org.testng.reporters.JUnitXMLReporter -->
<testsuite ignored="0" hostname="nishant191" failures="0" tests="2" name="Default test" time="11.908" errors="0" timestamp="2022-12-15T15:33:28 IST">
  <testcase classname="pushNotificationAppium.PushNotificationPageTest" name="pushNotificationPerform" time="5.447"/>
  <testcase classname="pushNotificationAppium.PushNotificationPageTest" name="clearNotificationPerform" time="2.542"/>
</testsuite> <!-- Default test -->
