<?xml version="1.0" encoding="UTF-8"?>
<testng-results ignored="0" total="2" passed="2" failed="0" skipped="0">
  <reporter-output>
  </reporter-output>
  <suite started-at="2022-12-15T15:33:16 IST" name="Default suite" finished-at="2022-12-15T15:33:28 IST" duration-ms="11908">
    <groups>
    </groups>
    <test started-at="2022-12-15T15:33:16 IST" name="Default test" finished-at="2022-12-15T15:33:28 IST" duration-ms="11908">
      <class name="pushNotificationAppium.PushNotificationPageTest">
        <test-method is-config="true" signature="configureAppium()[pri:0, instance:pushNotificationAppium.PushNotificationPageTest@5bf0d49]" started-at="2022-12-15T15:33:16 IST" name="configureAppium" finished-at="2022-12-15T15:33:20 IST" duration-ms="3652" status="PASS">
          <reporter-output>
          </reporter-output>
        </test-method> <!-- configureAppium -->
        <test-method is-config="true" signature="init()[pri:0, instance:pushNotificationAppium.PushNotificationPageTest@5bf0d49]" started-at="2022-12-15T15:33:20 IST" name="init" finished-at="2022-12-15T15:33:20 IST" duration-ms="81" status="PASS">
          <reporter-output>
          </reporter-output>
        </test-method> <!-- init -->
        <test-method signature="pushNotificationPerform()[pri:0, instance:pushNotificationAppium.PushNotificationPageTest@5bf0d49]" started-at="2022-12-15T15:33:20 IST" name="pushNotificationPerform" finished-at="2022-12-15T15:33:25 IST" duration-ms="5447" status="PASS">
          <reporter-output>
          </reporter-output>
        </test-method> <!-- pushNotificationPerform -->
        <test-method signature="clearNotificationPerform()[pri:1, instance:pushNotificationAppium.PushNotificationPageTest@5bf0d49]" started-at="2022-12-15T15:33:25 IST" name="clearNotificationPerform" finished-at="2022-12-15T15:33:28 IST" duration-ms="2542" status="PASS">
          <reporter-output>
          </reporter-output>
        </test-method> <!-- clearNotificationPerform -->
        <test-method is-config="true" signature="tearDown()[pri:0, instance:pushNotificationAppium.PushNotificationPageTest@5bf0d49]" started-at="2022-12-15T15:33:28 IST" name="tearDown" finished-at="2022-12-15T15:33:28 IST" duration-ms="148" status="PASS">
          <reporter-output>
          </reporter-output>
        </test-method> <!-- tearDown -->
      </class> <!-- pushNotificationAppium.PushNotificationPageTest -->
    </test> <!-- Default test -->
  </suite> <!-- Default suite -->
</testng-results>
